gcc -c dominion.c -g  -Wall -fpic -coverage -lm -std=c99
gcc -o playdom playdom.c -g dominion.o rngs.o -Wall -fpic -coverage -lm -std=c99
gcc -o player player.c -g  dominion.o rngs.o interface.o -Wall -fpic -coverage -lm -std=c99
gcc -o bug2 bug2.c -g dominion.o rngs.o interface.o -Wall -fpic -coverage -lm -std=c99
bug2.c: In function ‘main’:
bug2.c:25:2: warning: implicit declaration of function ‘memcpy’ [-Wimplicit-function-declaration]
  memcpy(&testG, &G, sizeof(struct gameState));
  ^
bug2.c:25:2: warning: incompatible implicit declaration of built-in function ‘memcpy’ [enabled by default]
bug2.c:30:2: warning: implicit declaration of function ‘cardEffect’ [-Wimplicit-function-declaration]
  int x = cardEffect(mine, choice1, choice2, choice3, &testG, handPos, &bonus);
  ^
bug2.c:11:6: warning: unused variable ‘nextPlayer’ [-Wunused-variable]
  int nextPlayer = 1;
      ^
gcc -o bug3 bug3.c -g dominion.o rngs.o interface.o -Wall -fpic -coverage -lm -std=c99
bug3.c: In function ‘main’:
bug3.c:26:2: warning: implicit declaration of function ‘memcpy’ [-Wimplicit-function-declaration]
  memcpy(&testG, &G, sizeof(struct gameState));
  ^
bug3.c:26:2: warning: incompatible implicit declaration of built-in function ‘memcpy’ [enabled by default]
bug3.c:30:2: warning: implicit declaration of function ‘cardEffect’ [-Wimplicit-function-declaration]
  int x = cardEffect(remodel, choice1, choice2, choice3, &testG, handPos, &bonus);
  ^
bug3.c:11:6: warning: unused variable ‘nextPlayer’ [-Wunused-variable]
  int nextPlayer = 1;
      ^
